c:\users\ionut\desktop\poo game\sdl_gametemplate\sdl_gametemplate\x64\debug\main.obj
c:\users\ionut\desktop\poo game\sdl_gametemplate\sdl_gametemplate\x64\debug\map.obj
c:\users\ionut\desktop\poo game\sdl_gametemplate\sdl_gametemplate\x64\debug\texturemanager.obj
c:\users\ionut\desktop\poo game\sdl_gametemplate\sdl_gametemplate\x64\debug\vc110.pdb
c:\users\ionut\desktop\poo game\sdl_gametemplate\sdl_gametemplate\x64\debug\vc141.pdb
c:\users\ionut\desktop\poo game\sdl_gametemplate\sdl_gametemplate\x64\debug\vc141.idb
c:\users\ionut\desktop\poo game\sdl_gametemplate\sdl_gametemplate\x64\debug\player.obj
c:\users\ionut\desktop\poo game\sdl_gametemplate\sdl_gametemplate\x64\debug\gameobject.obj
c:\users\ionut\desktop\poo game\sdl_gametemplate\sdl_gametemplate\x64\debug\game.obj
c:\users\ionut\desktop\poo game\sdl_gametemplate\x64\debug\sdl_gametemplate.exe
c:\users\ionut\desktop\poo game\sdl_gametemplate\x64\debug\sdl_gametemplate.ilk
c:\users\ionut\desktop\poo game\sdl_gametemplate\x64\debug\sdl_gametemplate.pdb
c:\users\ionut\desktop\poo game\sdl_gametemplate\sdl_gametemplate\x64\debug\cl.command.1.tlog
c:\users\ionut\desktop\poo game\sdl_gametemplate\sdl_gametemplate\x64\debug\cl.read.1.tlog
c:\users\ionut\desktop\poo game\sdl_gametemplate\sdl_gametemplate\x64\debug\cl.write.1.tlog
c:\users\ionut\desktop\poo game\sdl_gametemplate\sdl_gametemplate\x64\debug\vc110.idb
c:\users\ionut\desktop\poo game\sdl_gametemplate\sdl_gametemplate\x64\debug\sdl_gametemplate.tlog\cl.command.1.tlog
c:\users\ionut\desktop\poo game\sdl_gametemplate\sdl_gametemplate\x64\debug\sdl_gametemplate.tlog\cl.read.1.tlog
c:\users\ionut\desktop\poo game\sdl_gametemplate\sdl_gametemplate\x64\debug\sdl_gametemplate.tlog\cl.write.1.tlog
c:\users\ionut\desktop\poo game\sdl_gametemplate\sdl_gametemplate\x64\debug\sdl_gametemplate.tlog\link.command.1.tlog
c:\users\ionut\desktop\poo game\sdl_gametemplate\sdl_gametemplate\x64\debug\sdl_gametemplate.tlog\link.read.1.tlog
c:\users\ionut\desktop\poo game\sdl_gametemplate\sdl_gametemplate\x64\debug\sdl_gametemplate.tlog\link.write.1.tlog
